# JRE version: OpenJDK Runtime Environment (21.0.5) (build 21.0.5+-12932927-b750.29)
# Java VM: OpenJDK 64-Bit Server VM (21.0.5+-12932927-b750.29, mixed mode, tiered, compressed oops, compressed class ptrs, g1 gc, windows-amd64)
GC Precious Log:
 CardTable entry size: 512
 Card Set container configuration: InlinePtr #cards 5 size 8 Array Of Cards #cards 12 size 40 Howl #buckets 4 coarsen threshold 1843 Howl Bitmap #cards 512 size 80 coarsen threshold 460 Card regions per heap region 1 cards per card region 2048
 CPUs: 8 total, 8 available
 Memory: 7975M
 Large Page Support: Disabled
 NUMA Support: Disabled
 Compressed Oops: Enabled (32-bit)
 Heap Region Size: 1M
 Heap Min Capacity: 8M
 Heap Initial Capacity: 126M
 Heap Max Capacity: 2G
 Pre-touch: Disabled
 Parallel Workers: 8
 Concurrent Workers: 2
 Concurrent Refinement Workers: 8
 Periodic GC: Disabled
Heap:
 garbage-first heap   total 317440K, used 267819K [0x0000000080000000, 0x0000000100000000)
  region size 1024K, 58 young (59392K), 12 survivors (12288K)
 Metaspace       used 147543K, committed 150016K, reserved 1179648K
  class space    used 19622K, committed 20864K, reserved 1048576K
GC Heap History (20 events):
Event: 19.712 GC heap before
{Heap before GC invocations=41 (full 0):
 garbage-first heap   total 240640K, used 220137K [0x0000000080000000, 0x0000000100000000)
  region size 1024K, 75 young (76800K), 5 survivors (5120K)
 Metaspace       used 119846K, committed 122240K, reserved 1179648K
  class space    used 15901K, committed 17088K, reserved 1048576K
}
Event: 19.728 GC heap after
{Heap after GC invocations=42 (full 0):
 garbage-first heap   total 240640K, used 154010K [0x0000000080000000, 0x0000000100000000)
  region size 1024K, 10 young (10240K), 10 survivors (10240K)
 Metaspace       used 119846K, committed 122240K, reserved 1179648K
  class space    used 15901K, committed 17088K, reserved 1048576K
}
Event: 20.829 GC heap before
{Heap before GC invocations=43 (full 0):
 garbage-first heap   total 258048K, used 214426K [0x0000000080000000, 0x0000000100000000)
  region size 1024K, 70 young (71680K), 10 survivors (10240K)
 Metaspace       used 120459K, committed 122816K, reserved 1179648K
  class space    used 15963K, committed 17152K, reserved 1048576K
}
Event: 20.847 GC heap after
{Heap after GC invocations=44 (full 0):
 garbage-first heap   total 258048K, used 158090K [0x0000000080000000, 0x0000000100000000)
  region size 1024K, 7 young (7168K), 7 survivors (7168K)
 Metaspace       used 120459K, committed 122816K, reserved 1179648K
  class space    used 15963K, committed 17152K, reserved 1048576K
}
Event: 22.874 GC heap before
{Heap before GC invocations=44 (full 0):
 garbage-first heap   total 258048K, used 234890K [0x0000000080000000, 0x0000000100000000)
  region size 1024K, 83 young (84992K), 7 survivors (7168K)
 Metaspace       used 127419K, committed 129792K, reserved 1179648K
  class space    used 16703K, committed 17920K, reserved 1048576K
}
Event: 22.891 GC heap after
{Heap after GC invocations=45 (full 0):
 garbage-first heap   total 258048K, used 161595K [0x0000000080000000, 0x0000000100000000)
  region size 1024K, 11 young (11264K), 11 survivors (11264K)
 Metaspace       used 127419K, committed 129792K, reserved 1179648K
  class space    used 16703K, committed 17920K, reserved 1048576K
}
Event: 46.501 GC heap before
{Heap before GC invocations=45 (full 0):
 garbage-first heap   total 258048K, used 230203K [0x0000000080000000, 0x0000000100000000)
  region size 1024K, 79 young (80896K), 11 survivors (11264K)
 Metaspace       used 129883K, committed 132288K, reserved 1179648K
  class space    used 16909K, committed 18112K, reserved 1048576K
}
Event: 46.512 GC heap after
{Heap after GC invocations=46 (full 0):
 garbage-first heap   total 258048K, used 167139K [0x0000000080000000, 0x0000000100000000)
  region size 1024K, 6 young (6144K), 6 survivors (6144K)
 Metaspace       used 129883K, committed 132288K, reserved 1179648K
  class space    used 16909K, committed 18112K, reserved 1048576K
}
Event: 47.727 GC heap before
{Heap before GC invocations=47 (full 0):
 garbage-first heap   total 280576K, used 235747K [0x0000000080000000, 0x0000000100000000)
  region size 1024K, 73 young (74752K), 6 survivors (6144K)
 Metaspace       used 133052K, committed 135488K, reserved 1179648K
  class space    used 17415K, committed 18624K, reserved 1048576K
}
Event: 47.737 GC heap after
{Heap after GC invocations=48 (full 0):
 garbage-first heap   total 280576K, used 173250K [0x0000000080000000, 0x0000000100000000)
  region size 1024K, 10 young (10240K), 10 survivors (10240K)
 Metaspace       used 133052K, committed 135488K, reserved 1179648K
  class space    used 17415K, committed 18624K, reserved 1048576K
}
Event: 48.780 GC heap before
{Heap before GC invocations=48 (full 0):
 garbage-first heap   total 280576K, used 253122K [0x0000000080000000, 0x0000000100000000)
  region size 1024K, 89 young (91136K), 10 survivors (10240K)
 Metaspace       used 135984K, committed 138432K, reserved 1179648K
  class space    used 17787K, committed 19008K, reserved 1048576K
}
Event: 48.794 GC heap after
{Heap after GC invocations=49 (full 0):
 garbage-first heap   total 280576K, used 179674K [0x0000000080000000, 0x0000000100000000)
  region size 1024K, 12 young (12288K), 12 survivors (12288K)
 Metaspace       used 135984K, committed 138432K, reserved 1179648K
  class space    used 17787K, committed 19008K, reserved 1048576K
}
Event: 49.458 GC heap before
{Heap before GC invocations=49 (full 0):
 garbage-first heap   total 280576K, used 251354K [0x0000000080000000, 0x0000000100000000)
  region size 1024K, 83 young (84992K), 12 survivors (12288K)
 Metaspace       used 136877K, committed 139328K, reserved 1179648K
  class space    used 17921K, committed 19136K, reserved 1048576K
}
Event: 49.472 GC heap after
{Heap after GC invocations=50 (full 0):
 garbage-first heap   total 280576K, used 189867K [0x0000000080000000, 0x0000000100000000)
  region size 1024K, 11 young (11264K), 11 survivors (11264K)
 Metaspace       used 136877K, committed 139328K, reserved 1179648K
  class space    used 17921K, committed 19136K, reserved 1048576K
}
Event: 51.315 GC heap before
{Heap before GC invocations=51 (full 0):
 garbage-first heap   total 317440K, used 251307K [0x0000000080000000, 0x0000000100000000)
  region size 1024K, 72 young (73728K), 11 survivors (11264K)
 Metaspace       used 141147K, committed 143616K, reserved 1179648K
  class space    used 18555K, committed 19776K, reserved 1048576K
}
Event: 51.324 GC heap after
{Heap after GC invocations=52 (full 0):
 garbage-first heap   total 317440K, used 197886K [0x0000000080000000, 0x0000000100000000)
  region size 1024K, 9 young (9216K), 9 survivors (9216K)
 Metaspace       used 141147K, committed 143616K, reserved 1179648K
  class space    used 18555K, committed 19776K, reserved 1048576K
}
Event: 51.629 GC heap before
{Heap before GC invocations=52 (full 0):
 garbage-first heap   total 317440K, used 285950K [0x0000000080000000, 0x0000000100000000)
  region size 1024K, 96 young (98304K), 9 survivors (9216K)
 Metaspace       used 144730K, committed 147200K, reserved 1179648K
  class space    used 19106K, committed 20352K, reserved 1048576K
}
Event: 51.654 GC heap after
{Heap after GC invocations=53 (full 0):
 garbage-first heap   total 317440K, used 207872K [0x0000000080000000, 0x0000000100000000)
  region size 1024K, 12 young (12288K), 12 survivors (12288K)
 Metaspace       used 144730K, committed 147200K, reserved 1179648K
  class space    used 19106K, committed 20352K, reserved 1048576K
}
Event: 51.830 GC heap before
{Heap before GC invocations=53 (full 0):
 garbage-first heap   total 317440K, used 286720K [0x0000000080000000, 0x0000000100000000)
  region size 1024K, 90 young (92160K), 12 survivors (12288K)
 Metaspace       used 147006K, committed 149504K, reserved 1179648K
  class space    used 19533K, committed 20800K, reserved 1048576K
}
Event: 51.848 GC heap after
{Heap after GC invocations=54 (full 0):
 garbage-first heap   total 317440K, used 221739K [0x0000000080000000, 0x0000000100000000)
  region size 1024K, 12 young (12288K), 12 survivors (12288K)
 Metaspace       used 147006K, committed 149504K, reserved 1179648K
  class space    used 19533K, committed 20800K, reserved 1048576K
}

