# JRE version: OpenJDK Runtime Environment (21.0.5) (build 21.0.5+-12932927-b750.29)
# Java VM: OpenJDK 64-Bit Server VM (21.0.5+-12932927-b750.29, mixed mode, tiered, compressed oops, compressed class ptrs, g1 gc, windows-amd64)
GC Precious Log:
 CardTable entry size: 512
 Card Set container configuration: InlinePtr #cards 5 size 8 Array Of Cards #cards 12 size 40 Howl #buckets 4 coarsen threshold 1843 Howl Bitmap #cards 512 size 80 coarsen threshold 460 Card regions per heap region 1 cards per card region 2048
 CPUs: 8 total, 8 available
 Memory: 7975M
 Large Page Support: Disabled
 NUMA Support: Disabled
 Compressed Oops: Enabled (32-bit)
 Heap Region Size: 1M
 Heap Min Capacity: 8M
 Heap Initial Capacity: 126M
 Heap Max Capacity: 2G
 Pre-touch: Disabled
 Parallel Workers: 8
 Concurrent Workers: 2
 Concurrent Refinement Workers: 8
 Periodic GC: Disabled
Heap:
 garbage-first heap   total 242688K, used 161956K [0x0000000080000000, 0x0000000100000000)
  region size 1024K, 9 young (9216K), 9 survivors (9216K)
 Metaspace       used 120448K, committed 122560K, reserved 1179648K
  class space    used 16526K, committed 17600K, reserved 1048576K
GC Heap History (20 events):
Event: 13.918 GC heap after
{Heap after GC invocations=35 (full 0):
 garbage-first heap   total 161792K, used 87383K [0x0000000080000000, 0x0000000100000000)
  region size 1024K, 9 young (9216K), 9 survivors (9216K)
 Metaspace       used 106970K, committed 109120K, reserved 1179648K
  class space    used 14485K, committed 15552K, reserved 1048576K
}
Event: 14.208 GC heap before
{Heap before GC invocations=35 (full 0):
 garbage-first heap   total 161792K, used 141655K [0x0000000080000000, 0x0000000100000000)
  region size 1024K, 63 young (64512K), 9 survivors (9216K)
 Metaspace       used 107068K, committed 109184K, reserved 1179648K
  class space    used 14495K, committed 15552K, reserved 1048576K
}
Event: 14.218 GC heap after
{Heap after GC invocations=36 (full 0):
 garbage-first heap   total 161792K, used 92853K [0x0000000080000000, 0x0000000100000000)
  region size 1024K, 5 young (5120K), 5 survivors (5120K)
 Metaspace       used 107068K, committed 109184K, reserved 1179648K
  class space    used 14495K, committed 15552K, reserved 1048576K
}
Event: 14.824 GC heap before
{Heap before GC invocations=37 (full 0):
 garbage-first heap   total 161792K, used 145077K [0x0000000080000000, 0x0000000100000000)
  region size 1024K, 57 young (58368K), 5 survivors (5120K)
 Metaspace       used 108861K, committed 111040K, reserved 1179648K
  class space    used 14736K, committed 15808K, reserved 1048576K
}
Event: 14.832 GC heap after
{Heap after GC invocations=38 (full 0):
 garbage-first heap   total 161792K, used 97280K [0x0000000080000000, 0x0000000100000000)
  region size 1024K, 6 young (6144K), 6 survivors (6144K)
 Metaspace       used 108861K, committed 111040K, reserved 1179648K
  class space    used 14736K, committed 15808K, reserved 1048576K
}
Event: 15.107 GC heap before
{Heap before GC invocations=38 (full 0):
 garbage-first heap   total 161792K, used 145408K [0x0000000080000000, 0x0000000100000000)
  region size 1024K, 54 young (55296K), 6 survivors (6144K)
 Metaspace       used 109673K, committed 111808K, reserved 1179648K
  class space    used 14856K, committed 15936K, reserved 1048576K
}
Event: 15.115 GC heap after
{Heap after GC invocations=39 (full 0):
 garbage-first heap   total 161792K, used 100790K [0x0000000080000000, 0x0000000100000000)
  region size 1024K, 7 young (7168K), 7 survivors (7168K)
 Metaspace       used 109673K, committed 111808K, reserved 1179648K
  class space    used 14856K, committed 15936K, reserved 1048576K
}
Event: 15.193 GC heap before
{Heap before GC invocations=39 (full 0):
 garbage-first heap   total 161792K, used 142774K [0x0000000080000000, 0x0000000100000000)
  region size 1024K, 49 young (50176K), 7 survivors (7168K)
 Metaspace       used 110223K, committed 112320K, reserved 1179648K
  class space    used 14918K, committed 16000K, reserved 1048576K
}
Event: 15.200 GC heap after
{Heap after GC invocations=40 (full 0):
 garbage-first heap   total 194560K, used 108157K [0x0000000080000000, 0x0000000100000000)
  region size 1024K, 7 young (7168K), 7 survivors (7168K)
 Metaspace       used 110223K, committed 112320K, reserved 1179648K
  class space    used 14918K, committed 16000K, reserved 1048576K
}
Event: 15.763 GC heap before
{Heap before GC invocations=41 (full 0):
 garbage-first heap   total 194560K, used 169597K [0x0000000080000000, 0x0000000100000000)
  region size 1024K, 68 young (69632K), 7 survivors (7168K)
 Metaspace       used 114324K, committed 116544K, reserved 1179648K
  class space    used 15527K, committed 16640K, reserved 1048576K
}
Event: 15.774 GC heap after
{Heap after GC invocations=42 (full 0):
 garbage-first heap   total 194560K, used 117896K [0x0000000080000000, 0x0000000100000000)
  region size 1024K, 9 young (9216K), 9 survivors (9216K)
 Metaspace       used 114324K, committed 116544K, reserved 1179648K
  class space    used 15527K, committed 16640K, reserved 1048576K
}
Event: 15.917 GC heap before
{Heap before GC invocations=42 (full 0):
 garbage-first heap   total 194560K, used 172168K [0x0000000080000000, 0x0000000100000000)
  region size 1024K, 63 young (64512K), 9 survivors (9216K)
 Metaspace       used 116216K, committed 118400K, reserved 1179648K
  class space    used 15832K, committed 16960K, reserved 1048576K
}
Event: 15.932 GC heap after
{Heap after GC invocations=43 (full 0):
 garbage-first heap   total 194560K, used 126273K [0x0000000080000000, 0x0000000100000000)
  region size 1024K, 8 young (8192K), 8 survivors (8192K)
 Metaspace       used 116216K, committed 118400K, reserved 1179648K
  class space    used 15832K, committed 16960K, reserved 1048576K
}
Event: 16.054 GC heap before
{Heap before GC invocations=43 (full 0):
 garbage-first heap   total 194560K, used 172353K [0x0000000080000000, 0x0000000100000000)
  region size 1024K, 54 young (55296K), 8 survivors (8192K)
 Metaspace       used 117971K, committed 120128K, reserved 1179648K
  class space    used 16083K, committed 17152K, reserved 1048576K
}
Event: 16.069 GC heap after
{Heap after GC invocations=44 (full 0):
 garbage-first heap   total 194560K, used 135669K [0x0000000080000000, 0x0000000100000000)
  region size 1024K, 7 young (7168K), 7 survivors (7168K)
 Metaspace       used 117971K, committed 120128K, reserved 1179648K
  class space    used 16083K, committed 17152K, reserved 1048576K
}
Event: 16.175 GC heap before
{Heap before GC invocations=44 (full 0):
 garbage-first heap   total 194560K, used 174581K [0x0000000080000000, 0x0000000100000000)
  region size 1024K, 46 young (47104K), 7 survivors (7168K)
 Metaspace       used 118613K, committed 120768K, reserved 1179648K
  class space    used 16137K, committed 17216K, reserved 1048576K
}
Event: 16.186 GC heap after
{Heap after GC invocations=45 (full 0):
 garbage-first heap   total 194560K, used 144612K [0x0000000080000000, 0x0000000100000000)
  region size 1024K, 6 young (6144K), 6 survivors (6144K)
 Metaspace       used 118613K, committed 120768K, reserved 1179648K
  class space    used 16137K, committed 17216K, reserved 1048576K
}
Event: 16.332 GC heap before
{Heap before GC invocations=46 (full 0):
 garbage-first heap   total 242688K, used 174308K [0x0000000080000000, 0x0000000100000000)
  region size 1024K, 35 young (35840K), 6 survivors (6144K)
 Metaspace       used 119970K, committed 122112K, reserved 1179648K
  class space    used 16452K, committed 17536K, reserved 1048576K
}
Event: 16.341 GC heap after
{Heap after GC invocations=47 (full 0):
 garbage-first heap   total 242688K, used 150156K [0x0000000080000000, 0x0000000100000000)
  region size 1024K, 5 young (5120K), 5 survivors (5120K)
 Metaspace       used 119970K, committed 122112K, reserved 1179648K
  class space    used 16452K, committed 17536K, reserved 1048576K
}
Event: 16.427 GC heap before
{Heap before GC invocations=47 (full 0):
 garbage-first heap   total 242688K, used 215692K [0x0000000080000000, 0x0000000100000000)
  region size 1024K, 70 young (71680K), 5 survivors (5120K)
 Metaspace       used 120448K, committed 122560K, reserved 1179648K
  class space    used 16526K, committed 17600K, reserved 1048576K
}

