# JRE version: OpenJDK Runtime Environment (21.0.5) (build 21.0.5+-12932927-b750.29)
# Java VM: OpenJDK 64-Bit Server VM (21.0.5+-12932927-b750.29, mixed mode, tiered, compressed oops, compressed class ptrs, g1 gc, windows-amd64)
GC Precious Log:
 CardTable entry size: 512
 Card Set container configuration: InlinePtr #cards 5 size 8 Array Of Cards #cards 12 size 40 Howl #buckets 4 coarsen threshold 1843 Howl Bitmap #cards 512 size 80 coarsen threshold 460 Card regions per heap region 1 cards per card region 2048
 CPUs: 8 total, 8 available
 Memory: 7975M
 Large Page Support: Disabled
 NUMA Support: Disabled
 Compressed Oops: Enabled (32-bit)
 Heap Region Size: 1M
 Heap Min Capacity: 8M
 Heap Initial Capacity: 126M
 Heap Max Capacity: 2G
 Pre-touch: Disabled
 Parallel Workers: 8
 Concurrent Workers: 2
 Concurrent Refinement Workers: 8
 Periodic GC: Disabled
Heap:
 garbage-first heap   total 189440K, used 114472K [0x0000000080000000, 0x0000000100000000)
  region size 1024K, 3 young (3072K), 3 survivors (3072K)
 Metaspace       used 93469K, committed 95488K, reserved 1179648K
  class space    used 12465K, committed 13440K, reserved 1048576K
GC Heap History (20 events):
Event: 7.277 GC heap after
{Heap after GC invocations=17 (full 0):
 garbage-first heap   total 143360K, used 78213K [0x0000000080000000, 0x0000000100000000)
  region size 1024K, 3 young (3072K), 3 survivors (3072K)
 Metaspace       used 66957K, committed 68672K, reserved 1114112K
  class space    used 9060K, committed 9920K, reserved 1048576K
}
Event: 8.141 GC heap before
{Heap before GC invocations=18 (full 0):
 garbage-first heap   total 143360K, used 127365K [0x0000000080000000, 0x0000000100000000)
  region size 1024K, 51 young (52224K), 3 survivors (3072K)
 Metaspace       used 72176K, committed 73984K, reserved 1114112K
  class space    used 9890K, committed 10752K, reserved 1048576K
}
Event: 8.146 GC heap after
{Heap after GC invocations=19 (full 0):
 garbage-first heap   total 143360K, used 81369K [0x0000000080000000, 0x0000000100000000)
  region size 1024K, 6 young (6144K), 6 survivors (6144K)
 Metaspace       used 72176K, committed 73984K, reserved 1114112K
  class space    used 9890K, committed 10752K, reserved 1048576K
}
Event: 8.704 GC heap before
{Heap before GC invocations=19 (full 0):
 garbage-first heap   total 143360K, used 128473K [0x0000000080000000, 0x0000000100000000)
  region size 1024K, 53 young (54272K), 6 survivors (6144K)
 Metaspace       used 72984K, committed 74816K, reserved 1114112K
  class space    used 9915K, committed 10816K, reserved 1048576K
}
Event: 8.713 GC heap after
{Heap after GC invocations=20 (full 0):
 garbage-first heap   total 143360K, used 84616K [0x0000000080000000, 0x0000000100000000)
  region size 1024K, 7 young (7168K), 7 survivors (7168K)
 Metaspace       used 72984K, committed 74816K, reserved 1114112K
  class space    used 9915K, committed 10816K, reserved 1048576K
}
Event: 8.989 GC heap before
{Heap before GC invocations=20 (full 0):
 garbage-first heap   total 143360K, used 127624K [0x0000000080000000, 0x0000000100000000)
  region size 1024K, 50 young (51200K), 7 survivors (7168K)
 Metaspace       used 73131K, committed 74944K, reserved 1114112K
  class space    used 9915K, committed 10816K, reserved 1048576K
}
Event: 8.995 GC heap after
{Heap after GC invocations=21 (full 0):
 garbage-first heap   total 143360K, used 87040K [0x0000000080000000, 0x0000000100000000)
  region size 1024K, 4 young (4096K), 4 survivors (4096K)
 Metaspace       used 73131K, committed 74944K, reserved 1114112K
  class space    used 9915K, committed 10816K, reserved 1048576K
}
Event: 9.366 GC heap before
{Heap before GC invocations=22 (full 0):
 garbage-first heap   total 147456K, used 133120K [0x0000000080000000, 0x0000000100000000)
  region size 1024K, 46 young (47104K), 4 survivors (4096K)
 Metaspace       used 73562K, committed 75392K, reserved 1114112K
  class space    used 9979K, committed 10880K, reserved 1048576K
}
Event: 9.370 GC heap after
{Heap after GC invocations=23 (full 0):
 garbage-first heap   total 147456K, used 95688K [0x0000000080000000, 0x0000000100000000)
  region size 1024K, 6 young (6144K), 6 survivors (6144K)
 Metaspace       used 73562K, committed 75392K, reserved 1114112K
  class space    used 9979K, committed 10880K, reserved 1048576K
}
Event: 9.834 GC heap before
{Heap before GC invocations=23 (full 0):
 garbage-first heap   total 147456K, used 134600K [0x0000000080000000, 0x0000000100000000)
  region size 1024K, 42 young (43008K), 6 survivors (6144K)
 Metaspace       used 76198K, committed 78080K, reserved 1179648K
  class space    used 10304K, committed 11200K, reserved 1048576K
}
Event: 9.839 GC heap after
{Heap after GC invocations=24 (full 0):
 garbage-first heap   total 147456K, used 99971K [0x0000000080000000, 0x0000000100000000)
  region size 1024K, 3 young (3072K), 3 survivors (3072K)
 Metaspace       used 76198K, committed 78080K, reserved 1179648K
  class space    used 10304K, committed 11200K, reserved 1048576K
}
Event: 10.198 GC heap before
{Heap before GC invocations=24 (full 0):
 garbage-first heap   total 147456K, used 134787K [0x0000000080000000, 0x0000000100000000)
  region size 1024K, 37 young (37888K), 3 survivors (3072K)
 Metaspace       used 80117K, committed 81984K, reserved 1179648K
  class space    used 10661K, committed 11584K, reserved 1048576K
}
Event: 10.201 GC heap after
{Heap after GC invocations=25 (full 0):
 garbage-first heap   total 147456K, used 100302K [0x0000000080000000, 0x0000000100000000)
  region size 1024K, 4 young (4096K), 4 survivors (4096K)
 Metaspace       used 80117K, committed 81984K, reserved 1179648K
  class space    used 10661K, committed 11584K, reserved 1048576K
}
Event: 10.908 GC heap before
{Heap before GC invocations=26 (full 0):
 garbage-first heap   total 168960K, used 133070K [0x0000000080000000, 0x0000000100000000)
  region size 1024K, 36 young (36864K), 4 survivors (4096K)
 Metaspace       used 83334K, committed 85248K, reserved 1179648K
  class space    used 11154K, committed 12096K, reserved 1048576K
}
Event: 10.912 GC heap after
{Heap after GC invocations=27 (full 0):
 garbage-first heap   total 168960K, used 101941K [0x0000000080000000, 0x0000000100000000)
  region size 1024K, 3 young (3072K), 3 survivors (3072K)
 Metaspace       used 83334K, committed 85248K, reserved 1179648K
  class space    used 11154K, committed 12096K, reserved 1048576K
}
Event: 11.498 GC heap before
{Heap before GC invocations=27 (full 0):
 garbage-first heap   total 168960K, used 160309K [0x0000000080000000, 0x0000000100000000)
  region size 1024K, 55 young (56320K), 3 survivors (3072K)
 Metaspace       used 87291K, committed 89280K, reserved 1179648K
  class space    used 11648K, committed 12608K, reserved 1048576K
}
Event: 11.504 GC heap after
{Heap after GC invocations=28 (full 0):
 garbage-first heap   total 171008K, used 107819K [0x0000000080000000, 0x0000000100000000)
  region size 1024K, 7 young (7168K), 7 survivors (7168K)
 Metaspace       used 87291K, committed 89280K, reserved 1179648K
  class space    used 11648K, committed 12608K, reserved 1048576K
}
Event: 12.394 GC heap before
{Heap before GC invocations=28 (full 0):
 garbage-first heap   total 171008K, used 153899K [0x0000000080000000, 0x0000000100000000)
  region size 1024K, 52 young (53248K), 7 survivors (7168K)
 Metaspace       used 90243K, committed 92224K, reserved 1179648K
  class space    used 12020K, committed 12992K, reserved 1048576K
}
Event: 12.401 GC heap after
{Heap after GC invocations=29 (full 0):
 garbage-first heap   total 171008K, used 112169K [0x0000000080000000, 0x0000000100000000)
  region size 1024K, 5 young (5120K), 5 survivors (5120K)
 Metaspace       used 90243K, committed 92224K, reserved 1179648K
  class space    used 12020K, committed 12992K, reserved 1048576K
}
Event: 12.815 GC heap before
{Heap before GC invocations=30 (full 0):
 garbage-first heap   total 189440K, used 155177K [0x0000000080000000, 0x0000000100000000)
  region size 1024K, 46 young (47104K), 5 survivors (5120K)
 Metaspace       used 93469K, committed 95488K, reserved 1179648K
  class space    used 12465K, committed 13440K, reserved 1048576K
}

